<?xml version="1.0" encoding="UTF-8"?>
<testsuite xmlns:xsi="http://www.w3.org/2001/XMLSchema-instance" xsi:noNamespaceSchemaLocation="https://maven.apache.org/surefire/maven-surefire-plugin/xsd/surefire-test-report.xsd" name="com.study.springbootsession.SpringbootSessionApplicationTests" time="10.032" tests="1" errors="0" skipped="0" failures="0">
  <properties>
    <property name="gopherProxySet" value="false"/>
    <property name="awt.toolkit" value="sun.lwawt.macosx.LWCToolkit"/>
    <property name="java.specification.version" value="11"/>
    <property name="sun.cpu.isalist" value=""/>
    <property name="sun.jnu.encoding" value="UTF-8"/>
    <property name="java.class.path" value="/Users/zhudan/IdeaProjects/zhudan/作业/阶段二/模块二-一致性Session/Code/springboot-session/target/test-classes:/Users/zhudan/IdeaProjects/zhudan/作业/阶段二/模块二-一致性Session/Code/springboot-session/target/classes:/usr/local/repository/org/springframework/boot/spring-boot-starter-data-jpa/2.2.5.RELEASE/spring-boot-starter-data-jpa-2.2.5.RELEASE.jar:/usr/local/repository/org/springframework/boot/spring-boot-starter-aop/2.2.5.RELEASE/spring-boot-starter-aop-2.2.5.RELEASE.jar:/usr/local/repository/org/springframework/spring-aop/5.2.4.RELEASE/spring-aop-5.2.4.RELEASE.jar:/usr/local/repository/org/aspectj/aspectjweaver/1.9.5/aspectjweaver-1.9.5.jar:/usr/local/repository/org/springframework/boot/spring-boot-starter-jdbc/2.2.5.RELEASE/spring-boot-starter-jdbc-2.2.5.RELEASE.jar:/usr/local/repository/com/zaxxer/HikariCP/3.4.2/HikariCP-3.4.2.jar:/usr/local/repository/org/springframework/spring-jdbc/5.2.4.RELEASE/spring-jdbc-5.2.4.RELEASE.jar:/usr/local/repository/jakarta/activation/jakarta.activation-api/1.2.2/jakarta.activation-api-1.2.2.jar:/usr/local/repository/jakarta/persistence/jakarta.persistence-api/2.2.3/jakarta.persistence-api-2.2.3.jar:/usr/local/repository/jakarta/transaction/jakarta.transaction-api/1.3.3/jakarta.transaction-api-1.3.3.jar:/usr/local/repository/org/hibernate/hibernate-core/5.4.12.Final/hibernate-core-5.4.12.Final.jar:/usr/local/repository/org/jboss/logging/jboss-logging/3.4.1.Final/jboss-logging-3.4.1.Final.jar:/usr/local/repository/org/javassist/javassist/3.24.0-GA/javassist-3.24.0-GA.jar:/usr/local/repository/net/bytebuddy/byte-buddy/1.10.8/byte-buddy-1.10.8.jar:/usr/local/repository/antlr/antlr/2.7.7/antlr-2.7.7.jar:/usr/local/repository/org/jboss/jandex/2.1.1.Final/jandex-2.1.1.Final.jar:/usr/local/repository/com/fasterxml/classmate/1.5.1/classmate-1.5.1.jar:/usr/local/repository/org/dom4j/dom4j/2.1.1/dom4j-2.1.1.jar:/usr/local/repository/org/hibernate/common/hibernate-commons-annotations/5.1.0.Final/hibernate-commons-annotations-5.1.0.Final.jar:/usr/local/repository/org/glassfish/jaxb/jaxb-runtime/2.3.2/jaxb-runtime-2.3.2.jar:/usr/local/repository/org/glassfish/jaxb/txw2/2.3.2/txw2-2.3.2.jar:/usr/local/repository/com/sun/istack/istack-commons-runtime/3.0.8/istack-commons-runtime-3.0.8.jar:/usr/local/repository/org/jvnet/staxex/stax-ex/1.8.1/stax-ex-1.8.1.jar:/usr/local/repository/com/sun/xml/fastinfoset/FastInfoset/1.2.16/FastInfoset-1.2.16.jar:/usr/local/repository/org/springframework/data/spring-data-jpa/2.2.5.RELEASE/spring-data-jpa-2.2.5.RELEASE.jar:/usr/local/repository/org/springframework/data/spring-data-commons/2.2.5.RELEASE/spring-data-commons-2.2.5.RELEASE.jar:/usr/local/repository/org/springframework/spring-orm/5.2.4.RELEASE/spring-orm-5.2.4.RELEASE.jar:/usr/local/repository/org/springframework/spring-context/5.2.4.RELEASE/spring-context-5.2.4.RELEASE.jar:/usr/local/repository/org/springframework/spring-tx/5.2.4.RELEASE/spring-tx-5.2.4.RELEASE.jar:/usr/local/repository/org/springframework/spring-beans/5.2.4.RELEASE/spring-beans-5.2.4.RELEASE.jar:/usr/local/repository/org/slf4j/slf4j-api/1.7.30/slf4j-api-1.7.30.jar:/usr/local/repository/org/springframework/spring-aspects/5.2.4.RELEASE/spring-aspects-5.2.4.RELEASE.jar:/usr/local/repository/org/springframework/boot/spring-boot-starter-web/2.2.5.RELEASE/spring-boot-starter-web-2.2.5.RELEASE.jar:/usr/local/repository/org/springframework/boot/spring-boot-starter/2.2.5.RELEASE/spring-boot-starter-2.2.5.RELEASE.jar:/usr/local/repository/org/springframework/boot/spring-boot/2.2.5.RELEASE/spring-boot-2.2.5.RELEASE.jar:/usr/local/repository/org/springframework/boot/spring-boot-autoconfigure/2.2.5.RELEASE/spring-boot-autoconfigure-2.2.5.RELEASE.jar:/usr/local/repository/org/springframework/boot/spring-boot-starter-logging/2.2.5.RELEASE/spring-boot-starter-logging-2.2.5.RELEASE.jar:/usr/local/repository/ch/qos/logback/logback-classic/1.2.3/logback-classic-1.2.3.jar:/usr/local/repository/ch/qos/logback/logback-core/1.2.3/logback-core-1.2.3.jar:/usr/local/repository/org/apache/logging/log4j/log4j-to-slf4j/2.12.1/log4j-to-slf4j-2.12.1.jar:/usr/local/repository/org/apache/logging/log4j/log4j-api/2.12.1/log4j-api-2.12.1.jar:/usr/local/repository/org/slf4j/jul-to-slf4j/1.7.30/jul-to-slf4j-1.7.30.jar:/usr/local/repository/jakarta/annotation/jakarta.annotation-api/1.3.5/jakarta.annotation-api-1.3.5.jar:/usr/local/repository/org/yaml/snakeyaml/1.25/snakeyaml-1.25.jar:/usr/local/repository/org/springframework/boot/spring-boot-starter-json/2.2.5.RELEASE/spring-boot-starter-json-2.2.5.RELEASE.jar:/usr/local/repository/com/fasterxml/jackson/core/jackson-databind/2.10.2/jackson-databind-2.10.2.jar:/usr/local/repository/com/fasterxml/jackson/core/jackson-annotations/2.10.2/jackson-annotations-2.10.2.jar:/usr/local/repository/com/fasterxml/jackson/core/jackson-core/2.10.2/jackson-core-2.10.2.jar:/usr/local/repository/com/fasterxml/jackson/datatype/jackson-datatype-jdk8/2.10.2/jackson-datatype-jdk8-2.10.2.jar:/usr/local/repository/com/fasterxml/jackson/datatype/jackson-datatype-jsr310/2.10.2/jackson-datatype-jsr310-2.10.2.jar:/usr/local/repository/com/fasterxml/jackson/module/jackson-module-parameter-names/2.10.2/jackson-module-parameter-names-2.10.2.jar:/usr/local/repository/org/springframework/boot/spring-boot-starter-validation/2.2.5.RELEASE/spring-boot-starter-validation-2.2.5.RELEASE.jar:/usr/local/repository/jakarta/validation/jakarta.validation-api/2.0.2/jakarta.validation-api-2.0.2.jar:/usr/local/repository/org/hibernate/validator/hibernate-validator/6.0.18.Final/hibernate-validator-6.0.18.Final.jar:/usr/local/repository/org/springframework/spring-web/5.2.4.RELEASE/spring-web-5.2.4.RELEASE.jar:/usr/local/repository/org/springframework/spring-webmvc/5.2.4.RELEASE/spring-webmvc-5.2.4.RELEASE.jar:/usr/local/repository/org/springframework/spring-expression/5.2.4.RELEASE/spring-expression-5.2.4.RELEASE.jar:/usr/local/repository/mysql/mysql-connector-java/8.0.19/mysql-connector-java-8.0.19.jar:/usr/local/repository/org/springframework/boot/spring-boot-starter-data-redis/2.2.5.RELEASE/spring-boot-starter-data-redis-2.2.5.RELEASE.jar:/usr/local/repository/org/springframework/data/spring-data-redis/2.2.5.RELEASE/spring-data-redis-2.2.5.RELEASE.jar:/usr/local/repository/org/springframework/data/spring-data-keyvalue/2.2.5.RELEASE/spring-data-keyvalue-2.2.5.RELEASE.jar:/usr/local/repository/org/springframework/spring-oxm/5.2.4.RELEASE/spring-oxm-5.2.4.RELEASE.jar:/usr/local/repository/org/springframework/spring-context-support/5.2.4.RELEASE/spring-context-support-5.2.4.RELEASE.jar:/usr/local/repository/io/lettuce/lettuce-core/5.2.2.RELEASE/lettuce-core-5.2.2.RELEASE.jar:/usr/local/repository/io/netty/netty-common/4.1.45.Final/netty-common-4.1.45.Final.jar:/usr/local/repository/io/netty/netty-handler/4.1.45.Final/netty-handler-4.1.45.Final.jar:/usr/local/repository/io/netty/netty-buffer/4.1.45.Final/netty-buffer-4.1.45.Final.jar:/usr/local/repository/io/netty/netty-codec/4.1.45.Final/netty-codec-4.1.45.Final.jar:/usr/local/repository/io/netty/netty-transport/4.1.45.Final/netty-transport-4.1.45.Final.jar:/usr/local/repository/io/netty/netty-resolver/4.1.45.Final/netty-resolver-4.1.45.Final.jar:/usr/local/repository/io/projectreactor/reactor-core/3.3.3.RELEASE/reactor-core-3.3.3.RELEASE.jar:/usr/local/repository/org/reactivestreams/reactive-streams/1.0.3/reactive-streams-1.0.3.jar:/usr/local/repository/org/springframework/session/spring-session-data-redis/2.2.1.RELEASE/spring-session-data-redis-2.2.1.RELEASE.jar:/usr/local/repository/org/springframework/session/spring-session-core/2.2.1.RELEASE/spring-session-core-2.2.1.RELEASE.jar:/usr/local/repository/org/springframework/spring-jcl/5.2.4.RELEASE/spring-jcl-5.2.4.RELEASE.jar:/usr/local/repository/org/apache/tomcat/embed/tomcat-embed-jasper/9.0.31/tomcat-embed-jasper-9.0.31.jar:/usr/local/repository/org/apache/tomcat/embed/tomcat-embed-core/9.0.31/tomcat-embed-core-9.0.31.jar:/usr/local/repository/org/apache/tomcat/tomcat-annotations-api/9.0.31/tomcat-annotations-api-9.0.31.jar:/usr/local/repository/org/apache/tomcat/embed/tomcat-embed-el/9.0.31/tomcat-embed-el-9.0.31.jar:/usr/local/repository/org/eclipse/jdt/ecj/3.18.0/ecj-3.18.0.jar:/usr/local/repository/javax/servlet/jstl/1.2/jstl-1.2.jar:/usr/local/repository/javax/servlet/javax.servlet-api/4.0.1/javax.servlet-api-4.0.1.jar:/usr/local/repository/org/springframework/boot/spring-boot-starter-test/2.2.5.RELEASE/spring-boot-starter-test-2.2.5.RELEASE.jar:/usr/local/repository/org/springframework/boot/spring-boot-test/2.2.5.RELEASE/spring-boot-test-2.2.5.RELEASE.jar:/usr/local/repository/org/springframework/boot/spring-boot-test-autoconfigure/2.2.5.RELEASE/spring-boot-test-autoconfigure-2.2.5.RELEASE.jar:/usr/local/repository/com/jayway/jsonpath/json-path/2.4.0/json-path-2.4.0.jar:/usr/local/repository/net/minidev/json-smart/2.3/json-smart-2.3.jar:/usr/local/repository/net/minidev/accessors-smart/1.2/accessors-smart-1.2.jar:/usr/local/repository/org/ow2/asm/asm/5.0.4/asm-5.0.4.jar:/usr/local/repository/jakarta/xml/bind/jakarta.xml.bind-api/2.3.2/jakarta.xml.bind-api-2.3.2.jar:/usr/local/repository/org/junit/jupiter/junit-jupiter/5.5.2/junit-jupiter-5.5.2.jar:/usr/local/repository/org/junit/jupiter/junit-jupiter-api/5.5.2/junit-jupiter-api-5.5.2.jar:/usr/local/repository/org/apiguardian/apiguardian-api/1.1.0/apiguardian-api-1.1.0.jar:/usr/local/repository/org/opentest4j/opentest4j/1.2.0/opentest4j-1.2.0.jar:/usr/local/repository/org/junit/platform/junit-platform-commons/1.5.2/junit-platform-commons-1.5.2.jar:/usr/local/repository/org/junit/jupiter/junit-jupiter-params/5.5.2/junit-jupiter-params-5.5.2.jar:/usr/local/repository/org/junit/jupiter/junit-jupiter-engine/5.5.2/junit-jupiter-engine-5.5.2.jar:/usr/local/repository/org/junit/platform/junit-platform-engine/1.5.2/junit-platform-engine-1.5.2.jar:/usr/local/repository/org/mockito/mockito-junit-jupiter/3.1.0/mockito-junit-jupiter-3.1.0.jar:/usr/local/repository/org/assertj/assertj-core/3.13.2/assertj-core-3.13.2.jar:/usr/local/repository/org/hamcrest/hamcrest/2.1/hamcrest-2.1.jar:/usr/local/repository/org/mockito/mockito-core/3.1.0/mockito-core-3.1.0.jar:/usr/local/repository/net/bytebuddy/byte-buddy-agent/1.10.8/byte-buddy-agent-1.10.8.jar:/usr/local/repository/org/objenesis/objenesis/2.6/objenesis-2.6.jar:/usr/local/repository/org/skyscreamer/jsonassert/1.5.0/jsonassert-1.5.0.jar:/usr/local/repository/com/vaadin/external/google/android-json/0.0.20131108.vaadin1/android-json-0.0.20131108.vaadin1.jar:/usr/local/repository/org/springframework/spring-core/5.2.4.RELEASE/spring-core-5.2.4.RELEASE.jar:/usr/local/repository/org/springframework/spring-test/5.2.4.RELEASE/spring-test-5.2.4.RELEASE.jar:/usr/local/repository/org/xmlunit/xmlunit-core/2.6.3/xmlunit-core-2.6.3.jar:"/>
    <property name="java.vm.vendor" value="Oracle Corporation"/>
    <property name="sun.arch.data.model" value="64"/>
    <property name="java.vendor.url" value="http://java.oracle.com/"/>
    <property name="user.timezone" value=""/>
    <property name="java.vm.specification.version" value="11"/>
    <property name="os.name" value="Mac OS X"/>
    <property name="sun.java.launcher" value="SUN_STANDARD"/>
    <property name="user.country" value="CN"/>
    <property name="sun.boot.library.path" value="/Library/Java/JavaVirtualMachines/jdk-11.0.5.jdk/Contents/Home/lib"/>
    <property name="sun.java.command" value="/Users/zhudan/IdeaProjects/zhudan/作业/阶段二/模块二-一致性Session/Code/springboot-session/target/surefire/surefirebooter12573584052671957692.jar /Users/zhudan/IdeaProjects/zhudan/作业/阶段二/模块二-一致性Session/Code/springboot-session/target/surefire 2020-03-04T21-31-42_227-jvmRun1 surefire16584414241999303610tmp surefire_09197598688579300409tmp"/>
    <property name="http.nonProxyHosts" value="local|*.local|169.254/16|*.169.254/16"/>
    <property name="jdk.debug" value="release"/>
    <property name="surefire.test.class.path" value="/Users/zhudan/IdeaProjects/zhudan/作业/阶段二/模块二-一致性Session/Code/springboot-session/target/test-classes:/Users/zhudan/IdeaProjects/zhudan/作业/阶段二/模块二-一致性Session/Code/springboot-session/target/classes:/usr/local/repository/org/springframework/boot/spring-boot-starter-data-jpa/2.2.5.RELEASE/spring-boot-starter-data-jpa-2.2.5.RELEASE.jar:/usr/local/repository/org/springframework/boot/spring-boot-starter-aop/2.2.5.RELEASE/spring-boot-starter-aop-2.2.5.RELEASE.jar:/usr/local/repository/org/springframework/spring-aop/5.2.4.RELEASE/spring-aop-5.2.4.RELEASE.jar:/usr/local/repository/org/aspectj/aspectjweaver/1.9.5/aspectjweaver-1.9.5.jar:/usr/local/repository/org/springframework/boot/spring-boot-starter-jdbc/2.2.5.RELEASE/spring-boot-starter-jdbc-2.2.5.RELEASE.jar:/usr/local/repository/com/zaxxer/HikariCP/3.4.2/HikariCP-3.4.2.jar:/usr/local/repository/org/springframework/spring-jdbc/5.2.4.RELEASE/spring-jdbc-5.2.4.RELEASE.jar:/usr/local/repository/jakarta/activation/jakarta.activation-api/1.2.2/jakarta.activation-api-1.2.2.jar:/usr/local/repository/jakarta/persistence/jakarta.persistence-api/2.2.3/jakarta.persistence-api-2.2.3.jar:/usr/local/repository/jakarta/transaction/jakarta.transaction-api/1.3.3/jakarta.transaction-api-1.3.3.jar:/usr/local/repository/org/hibernate/hibernate-core/5.4.12.Final/hibernate-core-5.4.12.Final.jar:/usr/local/repository/org/jboss/logging/jboss-logging/3.4.1.Final/jboss-logging-3.4.1.Final.jar:/usr/local/repository/org/javassist/javassist/3.24.0-GA/javassist-3.24.0-GA.jar:/usr/local/repository/net/bytebuddy/byte-buddy/1.10.8/byte-buddy-1.10.8.jar:/usr/local/repository/antlr/antlr/2.7.7/antlr-2.7.7.jar:/usr/local/repository/org/jboss/jandex/2.1.1.Final/jandex-2.1.1.Final.jar:/usr/local/repository/com/fasterxml/classmate/1.5.1/classmate-1.5.1.jar:/usr/local/repository/org/dom4j/dom4j/2.1.1/dom4j-2.1.1.jar:/usr/local/repository/org/hibernate/common/hibernate-commons-annotations/5.1.0.Final/hibernate-commons-annotations-5.1.0.Final.jar:/usr/local/repository/org/glassfish/jaxb/jaxb-runtime/2.3.2/jaxb-runtime-2.3.2.jar:/usr/local/repository/org/glassfish/jaxb/txw2/2.3.2/txw2-2.3.2.jar:/usr/local/repository/com/sun/istack/istack-commons-runtime/3.0.8/istack-commons-runtime-3.0.8.jar:/usr/local/repository/org/jvnet/staxex/stax-ex/1.8.1/stax-ex-1.8.1.jar:/usr/local/repository/com/sun/xml/fastinfoset/FastInfoset/1.2.16/FastInfoset-1.2.16.jar:/usr/local/repository/org/springframework/data/spring-data-jpa/2.2.5.RELEASE/spring-data-jpa-2.2.5.RELEASE.jar:/usr/local/repository/org/springframework/data/spring-data-commons/2.2.5.RELEASE/spring-data-commons-2.2.5.RELEASE.jar:/usr/local/repository/org/springframework/spring-orm/5.2.4.RELEASE/spring-orm-5.2.4.RELEASE.jar:/usr/local/repository/org/springframework/spring-context/5.2.4.RELEASE/spring-context-5.2.4.RELEASE.jar:/usr/local/repository/org/springframework/spring-tx/5.2.4.RELEASE/spring-tx-5.2.4.RELEASE.jar:/usr/local/repository/org/springframework/spring-beans/5.2.4.RELEASE/spring-beans-5.2.4.RELEASE.jar:/usr/local/repository/org/slf4j/slf4j-api/1.7.30/slf4j-api-1.7.30.jar:/usr/local/repository/org/springframework/spring-aspects/5.2.4.RELEASE/spring-aspects-5.2.4.RELEASE.jar:/usr/local/repository/org/springframework/boot/spring-boot-starter-web/2.2.5.RELEASE/spring-boot-starter-web-2.2.5.RELEASE.jar:/usr/local/repository/org/springframework/boot/spring-boot-starter/2.2.5.RELEASE/spring-boot-starter-2.2.5.RELEASE.jar:/usr/local/repository/org/springframework/boot/spring-boot/2.2.5.RELEASE/spring-boot-2.2.5.RELEASE.jar:/usr/local/repository/org/springframework/boot/spring-boot-autoconfigure/2.2.5.RELEASE/spring-boot-autoconfigure-2.2.5.RELEASE.jar:/usr/local/repository/org/springframework/boot/spring-boot-starter-logging/2.2.5.RELEASE/spring-boot-starter-logging-2.2.5.RELEASE.jar:/usr/local/repository/ch/qos/logback/logback-classic/1.2.3/logback-classic-1.2.3.jar:/usr/local/repository/ch/qos/logback/logback-core/1.2.3/logback-core-1.2.3.jar:/usr/local/repository/org/apache/logging/log4j/log4j-to-slf4j/2.12.1/log4j-to-slf4j-2.12.1.jar:/usr/local/repository/org/apache/logging/log4j/log4j-api/2.12.1/log4j-api-2.12.1.jar:/usr/local/repository/org/slf4j/jul-to-slf4j/1.7.30/jul-to-slf4j-1.7.30.jar:/usr/local/repository/jakarta/annotation/jakarta.annotation-api/1.3.5/jakarta.annotation-api-1.3.5.jar:/usr/local/repository/org/yaml/snakeyaml/1.25/snakeyaml-1.25.jar:/usr/local/repository/org/springframework/boot/spring-boot-starter-json/2.2.5.RELEASE/spring-boot-starter-json-2.2.5.RELEASE.jar:/usr/local/repository/com/fasterxml/jackson/core/jackson-databind/2.10.2/jackson-databind-2.10.2.jar:/usr/local/repository/com/fasterxml/jackson/core/jackson-annotations/2.10.2/jackson-annotations-2.10.2.jar:/usr/local/repository/com/fasterxml/jackson/core/jackson-core/2.10.2/jackson-core-2.10.2.jar:/usr/local/repository/com/fasterxml/jackson/datatype/jackson-datatype-jdk8/2.10.2/jackson-datatype-jdk8-2.10.2.jar:/usr/local/repository/com/fasterxml/jackson/datatype/jackson-datatype-jsr310/2.10.2/jackson-datatype-jsr310-2.10.2.jar:/usr/local/repository/com/fasterxml/jackson/module/jackson-module-parameter-names/2.10.2/jackson-module-parameter-names-2.10.2.jar:/usr/local/repository/org/springframework/boot/spring-boot-starter-validation/2.2.5.RELEASE/spring-boot-starter-validation-2.2.5.RELEASE.jar:/usr/local/repository/jakarta/validation/jakarta.validation-api/2.0.2/jakarta.validation-api-2.0.2.jar:/usr/local/repository/org/hibernate/validator/hibernate-validator/6.0.18.Final/hibernate-validator-6.0.18.Final.jar:/usr/local/repository/org/springframework/spring-web/5.2.4.RELEASE/spring-web-5.2.4.RELEASE.jar:/usr/local/repository/org/springframework/spring-webmvc/5.2.4.RELEASE/spring-webmvc-5.2.4.RELEASE.jar:/usr/local/repository/org/springframework/spring-expression/5.2.4.RELEASE/spring-expression-5.2.4.RELEASE.jar:/usr/local/repository/mysql/mysql-connector-java/8.0.19/mysql-connector-java-8.0.19.jar:/usr/local/repository/org/springframework/boot/spring-boot-starter-data-redis/2.2.5.RELEASE/spring-boot-starter-data-redis-2.2.5.RELEASE.jar:/usr/local/repository/org/springframework/data/spring-data-redis/2.2.5.RELEASE/spring-data-redis-2.2.5.RELEASE.jar:/usr/local/repository/org/springframework/data/spring-data-keyvalue/2.2.5.RELEASE/spring-data-keyvalue-2.2.5.RELEASE.jar:/usr/local/repository/org/springframework/spring-oxm/5.2.4.RELEASE/spring-oxm-5.2.4.RELEASE.jar:/usr/local/repository/org/springframework/spring-context-support/5.2.4.RELEASE/spring-context-support-5.2.4.RELEASE.jar:/usr/local/repository/io/lettuce/lettuce-core/5.2.2.RELEASE/lettuce-core-5.2.2.RELEASE.jar:/usr/local/repository/io/netty/netty-common/4.1.45.Final/netty-common-4.1.45.Final.jar:/usr/local/repository/io/netty/netty-handler/4.1.45.Final/netty-handler-4.1.45.Final.jar:/usr/local/repository/io/netty/netty-buffer/4.1.45.Final/netty-buffer-4.1.45.Final.jar:/usr/local/repository/io/netty/netty-codec/4.1.45.Final/netty-codec-4.1.45.Final.jar:/usr/local/repository/io/netty/netty-transport/4.1.45.Final/netty-transport-4.1.45.Final.jar:/usr/local/repository/io/netty/netty-resolver/4.1.45.Final/netty-resolver-4.1.45.Final.jar:/usr/local/repository/io/projectreactor/reactor-core/3.3.3.RELEASE/reactor-core-3.3.3.RELEASE.jar:/usr/local/repository/org/reactivestreams/reactive-streams/1.0.3/reactive-streams-1.0.3.jar:/usr/local/repository/org/springframework/session/spring-session-data-redis/2.2.1.RELEASE/spring-session-data-redis-2.2.1.RELEASE.jar:/usr/local/repository/org/springframework/session/spring-session-core/2.2.1.RELEASE/spring-session-core-2.2.1.RELEASE.jar:/usr/local/repository/org/springframework/spring-jcl/5.2.4.RELEASE/spring-jcl-5.2.4.RELEASE.jar:/usr/local/repository/org/apache/tomcat/embed/tomcat-embed-jasper/9.0.31/tomcat-embed-jasper-9.0.31.jar:/usr/local/repository/org/apache/tomcat/embed/tomcat-embed-core/9.0.31/tomcat-embed-core-9.0.31.jar:/usr/local/repository/org/apache/tomcat/tomcat-annotations-api/9.0.31/tomcat-annotations-api-9.0.31.jar:/usr/local/repository/org/apache/tomcat/embed/tomcat-embed-el/9.0.31/tomcat-embed-el-9.0.31.jar:/usr/local/repository/org/eclipse/jdt/ecj/3.18.0/ecj-3.18.0.jar:/usr/local/repository/javax/servlet/jstl/1.2/jstl-1.2.jar:/usr/local/repository/javax/servlet/javax.servlet-api/4.0.1/javax.servlet-api-4.0.1.jar:/usr/local/repository/org/springframework/boot/spring-boot-starter-test/2.2.5.RELEASE/spring-boot-starter-test-2.2.5.RELEASE.jar:/usr/local/repository/org/springframework/boot/spring-boot-test/2.2.5.RELEASE/spring-boot-test-2.2.5.RELEASE.jar:/usr/local/repository/org/springframework/boot/spring-boot-test-autoconfigure/2.2.5.RELEASE/spring-boot-test-autoconfigure-2.2.5.RELEASE.jar:/usr/local/repository/com/jayway/jsonpath/json-path/2.4.0/json-path-2.4.0.jar:/usr/local/repository/net/minidev/json-smart/2.3/json-smart-2.3.jar:/usr/local/repository/net/minidev/accessors-smart/1.2/accessors-smart-1.2.jar:/usr/local/repository/org/ow2/asm/asm/5.0.4/asm-5.0.4.jar:/usr/local/repository/jakarta/xml/bind/jakarta.xml.bind-api/2.3.2/jakarta.xml.bind-api-2.3.2.jar:/usr/local/repository/org/junit/jupiter/junit-jupiter/5.5.2/junit-jupiter-5.5.2.jar:/usr/local/repository/org/junit/jupiter/junit-jupiter-api/5.5.2/junit-jupiter-api-5.5.2.jar:/usr/local/repository/org/apiguardian/apiguardian-api/1.1.0/apiguardian-api-1.1.0.jar:/usr/local/repository/org/opentest4j/opentest4j/1.2.0/opentest4j-1.2.0.jar:/usr/local/repository/org/junit/platform/junit-platform-commons/1.5.2/junit-platform-commons-1.5.2.jar:/usr/local/repository/org/junit/jupiter/junit-jupiter-params/5.5.2/junit-jupiter-params-5.5.2.jar:/usr/local/repository/org/junit/jupiter/junit-jupiter-engine/5.5.2/junit-jupiter-engine-5.5.2.jar:/usr/local/repository/org/junit/platform/junit-platform-engine/1.5.2/junit-platform-engine-1.5.2.jar:/usr/local/repository/org/mockito/mockito-junit-jupiter/3.1.0/mockito-junit-jupiter-3.1.0.jar:/usr/local/repository/org/assertj/assertj-core/3.13.2/assertj-core-3.13.2.jar:/usr/local/repository/org/hamcrest/hamcrest/2.1/hamcrest-2.1.jar:/usr/local/repository/org/mockito/mockito-core/3.1.0/mockito-core-3.1.0.jar:/usr/local/repository/net/bytebuddy/byte-buddy-agent/1.10.8/byte-buddy-agent-1.10.8.jar:/usr/local/repository/org/objenesis/objenesis/2.6/objenesis-2.6.jar:/usr/local/repository/org/skyscreamer/jsonassert/1.5.0/jsonassert-1.5.0.jar:/usr/local/repository/com/vaadin/external/google/android-json/0.0.20131108.vaadin1/android-json-0.0.20131108.vaadin1.jar:/usr/local/repository/org/springframework/spring-core/5.2.4.RELEASE/spring-core-5.2.4.RELEASE.jar:/usr/local/repository/org/springframework/spring-test/5.2.4.RELEASE/spring-test-5.2.4.RELEASE.jar:/usr/local/repository/org/xmlunit/xmlunit-core/2.6.3/xmlunit-core-2.6.3.jar:"/>
    <property name="sun.cpu.endian" value="little"/>
    <property name="user.home" value="/Users/zhudan"/>
    <property name="user.language" value="zh"/>
    <property name="java.specification.vendor" value="Oracle Corporation"/>
    <property name="java.version.date" value="2019-10-15"/>
    <property name="java.home" value="/Library/Java/JavaVirtualMachines/jdk-11.0.5.jdk/Contents/Home"/>
    <property name="file.separator" value="/"/>
    <property name="basedir" value="/Users/zhudan/IdeaProjects/zhudan/作业/阶段二/模块二-一致性Session/Code/springboot-session"/>
    <property name="java.vm.compressedOopsMode" value="Zero based"/>
    <property name="line.separator" value="&#10;"/>
    <property name="java.specification.name" value="Java Platform API Specification"/>
    <property name="java.vm.specification.vendor" value="Oracle Corporation"/>
    <property name="java.awt.graphicsenv" value="sun.awt.CGraphicsEnvironment"/>
    <property name="surefire.real.class.path" value="/Users/zhudan/IdeaProjects/zhudan/作业/阶段二/模块二-一致性Session/Code/springboot-session/target/surefire/surefirebooter12573584052671957692.jar"/>
    <property name="user.script" value="Hans"/>
    <property name="sun.management.compiler" value="HotSpot 64-Bit Tiered Compilers"/>
    <property name="ftp.nonProxyHosts" value="local|*.local|169.254/16|*.169.254/16"/>
    <property name="java.runtime.version" value="11.0.5+10-LTS"/>
    <property name="user.name" value="zhudan"/>
    <property name="path.separator" value=":"/>
    <property name="os.version" value="10.13.4"/>
    <property name="java.runtime.name" value="Java(TM) SE Runtime Environment"/>
    <property name="file.encoding" value="UTF-8"/>
    <property name="java.vm.name" value="Java HotSpot(TM) 64-Bit Server VM"/>
    <property name="java.vendor.version" value="18.9"/>
    <property name="localRepository" value="/usr/local/repository"/>
    <property name="java.vendor.url.bug" value="http://bugreport.java.com/bugreport/"/>
    <property name="java.io.tmpdir" value="/var/folders/3h/8tl8v51j58bd7k5__4fv7py00000gn/T/"/>
    <property name="java.version" value="11.0.5"/>
    <property name="user.dir" value="/Users/zhudan/IdeaProjects/zhudan/作业/阶段二/模块二-一致性Session/Code/springboot-session"/>
    <property name="os.arch" value="x86_64"/>
    <property name="java.vm.specification.name" value="Java Virtual Machine Specification"/>
    <property name="java.awt.printerjob" value="sun.lwawt.macosx.CPrinterJob"/>
    <property name="sun.os.patch.level" value="unknown"/>
    <property name="java.library.path" value="/Users/zhudan/Library/Java/Extensions:/Library/Java/Extensions:/Network/Library/Java/Extensions:/System/Library/Java/Extensions:/usr/lib/java:."/>
    <property name="java.vendor" value="Oracle Corporation"/>
    <property name="java.vm.info" value="mixed mode"/>
    <property name="java.vm.version" value="11.0.5+10-LTS"/>
    <property name="sun.io.unicode.encoding" value="UnicodeBig"/>
    <property name="java.class.version" value="55.0"/>
    <property name="socksNonProxyHosts" value="local|*.local|169.254/16|*.169.254/16"/>
  </properties>
  <testcase name="contextLoads" classname="com.study.springbootsession.SpringbootSessionApplicationTests" time="0.132"/>
</testsuite>